<?xml version="1.0" encoding="UTF-8"?>
<!-- Generated by org.testng.reporters.JUnitReportReporter -->
<testsuite skipped="1" hostname="BANJ1LMSF2" name="com.autodesk.DemoA" tests="3" failures="0" timestamp="11 Dec 2017 12:02:27 GMT" time="0.010" errors="0">
  <testcase name="createUser" time="0.003" classname="com.autodesk.DemoA"/>
  <testcase name="deleteUser" time="0.007" classname="com.autodesk.DemoA"/>
  <testcase name="editUser" classname="com.autodesk.DemoA">
    <skipped/>
  </testcase> <!-- editUser -->
</testsuite> <!-- com.autodesk.DemoA -->
